<?xml version="1.0" encoding="UTF-8"?>
<!-- Generated by org.testng.reporters.JUnitReportReporter -->
<testsuite hostname="minas-MacBook-Air.local" failures="0" tests="2" name="LoginPage.webLogintest" time="3.193" errors="0" timestamp="18 Dec 2018 21:06:47 GMT" skipped="0">
  <testcase classname="LoginPage.webLogintest" name="login" time="2.674"/>
  <testcase classname="LoginPage.webLogintest" name="loginUsingPOM" time="0.519"/>
</testsuite> <!-- LoginPage.webLogintest -->
