<?xml version="1.0" encoding="UTF-8"?>
<!-- Generated by org.testng.reporters.JUnitReportReporter -->
<testsuite hostname="minas-MacBook-Air.local" failures="0" tests="1" name="com.zoho.zohoTest" time="26.744" errors="0" timestamp="11 Dec 2018 23:10:30 GMT" skipped="0">
  <testcase classname="com.zoho.zohoTest" name="printExcel" time="26.744"/>
</testsuite> <!-- com.zoho.zohoTest -->
