<?xml version="1.0" encoding="UTF-8"?>
<!-- Generated by org.testng.reporters.JUnitReportReporter -->
<testsuite hostname="minas-MacBook-Air.local" failures="0" tests="1" name="POMdesign.WebOrderTest" time="0.000" errors="0" timestamp="12 Dec 2018 20:16:44 GMT" skipped="1">
  <testcase classname="POMdesign.WebOrderTest" name="labelsVarification" time="0.000">
    <skipped/>
  </testcase> <!-- labelsVarification -->
</testsuite> <!-- POMdesign.WebOrderTest -->
