<?xml version="1.0" encoding="UTF-8"?>
<!-- Generated by org.testng.reporters.JUnitReportReporter -->
<testsuite hostname="minas-MacBook-Air.local" failures="0" tests="1" name="com.grid.gridTest2" time="28.645" errors="0" timestamp="11 Dec 2018 17:28:42 GMT" skipped="0">
  <testcase classname="com.grid.gridTest2" name="login" time="28.645"/>
</testsuite> <!-- com.grid.gridTest2 -->
