<?xml version="1.0" encoding="UTF-8"?>
<!-- Generated by org.testng.reporters.JUnitReportReporter -->
<testsuite hostname="minas-MacBook-Air.local" failures="0" tests="1" name="cybertek.YahooTest" time="19.012" errors="0" timestamp="06 Dec 2018 19:58:11 GMT" skipped="0">
  <testcase classname="cybertek.YahooTest" name="navigatetoYahoo" time="19.012"/>
</testsuite> <!-- cybertek.YahooTest -->
