<?xml version="1.0" encoding="UTF-8"?>
<!-- Generated by org.testng.reporters.JUnitReportReporter -->
<testsuite hostname="minas-MacBook-Air.local" failures="0" tests="1" name="cybertek2.CNNTest" time="25.255" errors="0" timestamp="06 Dec 2018 20:03:49 GMT" skipped="0">
  <testcase classname="cybertek2.CNNTest" name="navigatetoCNNTest" time="25.255"/>
</testsuite> <!-- cybertek2.CNNTest -->
