<?xml version="1.0" encoding="UTF-8"?>
<!-- Generated by org.testng.reporters.JUnitReportReporter -->
<testsuite hostname="minas-MacBook-Air.local" failures="0" tests="1" name="cybertek2.ABCTest" time="23.850" errors="0" timestamp="06 Dec 2018 20:03:48 GMT" skipped="0">
  <testcase classname="cybertek2.ABCTest" name="navigatetoABCTest" time="23.850"/>
</testsuite> <!-- cybertek2.ABCTest -->
