<?xml version="1.0" encoding="UTF-8"?>
<!-- Generated by org.testng.reporters.JUnitReportReporter -->
<testsuite hostname="minas-MacBook-Air.local" failures="0" tests="1" name="com.bookit.tests.APIDay2" time="4.433" errors="0" timestamp="15 Jan 2019 20:42:34 GMT" skipped="0">
  <testcase classname="com.bookit.tests.APIDay2" name="regionTaskV2" time="4.433"/>
</testsuite> <!-- com.bookit.tests.APIDay2 -->
