<?xml version="1.0" encoding="UTF-8"?>
<!-- Generated by org.testng.reporters.JUnitReportReporter -->
<testsuite hostname="minas-MacBook-Air.local" failures="0" tests="9" name="com.bookit.tests.APIDay1" time="8.440" errors="0" timestamp="12 Jan 2019 16:06:38 GMT" skipped="0">
  <testcase classname="com.bookit.tests.APIDay1" name="printResponse" time="1.269"/>
  <testcase classname="com.bookit.tests.APIDay1" name="getWithHeaders" time="4.822"/>
  <testcase classname="com.bookit.tests.APIDay1" name="verifyContenType" time="0.096"/>
  <testcase classname="com.bookit.tests.APIDay1" name="nagativeGet" time="0.113"/>
  <testcase classname="com.bookit.tests.APIDay1" name="verifyFirstName" time="0.811"/>
  <testcase classname="com.bookit.tests.APIDay1" name="simpleStatusCode" time="0.196"/>
  <testcase classname="com.bookit.tests.APIDay1" name="verifyRegionCount" time="0.200"/>
  <testcase classname="com.bookit.tests.APIDay1" name="nagativeGetWithBody" time="0.798"/>
  <testcase classname="com.bookit.tests.APIDay1" name="verifyFirstNameAndJobId" time="0.135"/>
</testsuite> <!-- com.bookit.tests.APIDay1 -->
