<?xml version="1.0" encoding="UTF-8"?>
<!-- Generated by org.testng.reporters.JUnitReportReporter -->
<testsuite hostname="minas-MacBook-Air.local" failures="0" tests="1" name="com.newtours.loginTest" time="4.476" errors="0" timestamp="07 Dec 2018 17:15:44 GMT" skipped="0">
  <testcase classname="com.newtours.loginTest" name="login" time="4.476"/>
</testsuite> <!-- com.newtours.loginTest -->
