<?xml version="1.0" encoding="UTF-8"?>
<!-- Generated by org.testng.reporters.JUnitReportReporter -->
<testsuite hostname="minas-MacBook-Air.local" failures="0" tests="1" name="com.grid.gridTest2" time="27.526" errors="0" timestamp="11 Dec 2018 17:36:40 GMT" skipped="0">
  <testcase classname="com.grid.gridTest2" name="login" time="27.526"/>
</testsuite> <!-- com.grid.gridTest2 -->
