<?xml version="1.0" encoding="UTF-8"?>
<!-- Generated by org.testng.reporters.JUnitReportReporter -->
<testsuite hostname="minas-MacBook-Air.local" failures="0" tests="3" name="assignment1.Step2" time="23.001" errors="0" timestamp="07 Dec 2018 03:25:34 GMT" skipped="0">
  <testcase classname="assignment1.Step2" name="testInputBoxes" time="8.594"/>
  <testcase classname="assignment1.Step2" name="testInputBoxes" time="6.786"/>
  <testcase classname="assignment1.Step2" name="testInputBoxes" time="7.621"/>
</testsuite> <!-- assignment1.Step2 -->
