<?xml version="1.0" encoding="UTF-8"?>
<!-- Generated by org.testng.reporters.JUnitReportReporter -->
<testsuite hostname="minas-MacBook-Air.local" failures="0" tests="1" name="assignment1.Step1" time="0.027" errors="0" timestamp="07 Dec 2018 03:19:21 GMT" skipped="0">
  <testcase classname="assignment1.Step1" name="testTitle" time="0.027"/>
</testsuite> <!-- assignment1.Step1 -->
