<?xml version="1.0" encoding="UTF-8"?>
<!-- Generated by org.testng.reporters.JUnitReportReporter -->
<testsuite hostname="minas-MacBook-Air.local" failures="0" tests="1" name="com.cybertek.sauceTest" time="21.176" errors="0" timestamp="11 Dec 2018 19:51:18 GMT" skipped="0">
  <testcase classname="com.cybertek.sauceTest" name="login" time="21.176"/>
</testsuite> <!-- com.cybertek.sauceTest -->
